<?xml version="1.0" encoding="UTF-8"?>
<!-- Generated by org.testng.reporters.JUnitReportReporter -->
<testsuite hostname="DESKTOP-3G8MCN5" failures="0" tests="1" name="magentoTest.magentoTestThree" time="4.793" errors="0" timestamp="2024-03-17T13:07:37 EET" skipped="0">
  <testcase classname="magentoTest.magentoTestThree" name="myThirdTest" time="4.793"/>
  <system-out/>
</testsuite> <!-- magentoTest.magentoTestThree -->
