<?xml version="1.0" encoding="UTF-8"?>
<!-- Generated by org.testng.reporters.JUnitReportReporter -->
<testsuite hostname="DESKTOP-3G8MCN5" failures="0" tests="1" name="magentoTest.magentoTestTwo" time="6.650" errors="0" timestamp="2024-03-16T23:08:05 EET" skipped="0">
  <testcase classname="magentoTest.magentoTestTwo" name="myTest" time="6.650"/>
  <system-out/>
</testsuite> <!-- magentoTest.magentoTestTwo -->
